<?xml version="1.0" encoding="UTF-8"?>
<!-- Generated by org.testng.reporters.JUnitXMLReporter -->
<testsuite ignored="0" hostname="Neils-MacBook-Pro.local" failures="0" tests="16" name="Invest page test on Firefox" time="83.551" errors="0" timestamp="2023-12-30T03:30:31 IST">
  <testcase classname="com.qa.growpital.tests.InvestPageTest" name="verifyDashboardPageTitle" time="20.152"/>
  <testcase classname="com.qa.growpital.tests.InvestPageTest" name="verifyInvestPageURL" time="1.873"/>
  <testcase classname="com.qa.growpital.tests.InvestPageTest" name="verifyInvestPageTitle" time="7.025"/>
  <testcase classname="com.qa.growpital.tests.InvestPageTest" name="verifySelectInvestmentPageURL" time="2.527"/>
  <testcase classname="com.qa.growpital.tests.InvestPageTest" name="verifySubHeading" time="0.019"/>
  <testcase classname="com.qa.growpital.tests.InvestPageTest" name="verifyUnitCalculationCardHead" time="0.247"/>
  <testcase classname="com.qa.growpital.tests.InvestPageTest" name="verifyContinueButtonIsDisabled" time="0.018"/>
  <testcase classname="com.qa.growpital.tests.InvestPageTest" name="verifyContinueButtonIsEnabled" time="1.765"/>
  <testcase classname="com.qa.growpital.tests.InvestPageTest" name="verifyInvestmentPaymentPageURL" time="5.004"/>
  <testcase classname="com.qa.growpital.tests.InvestPageTest" name="verifyIsPaymentPageContinueButton" time="0.014"/>
  <testcase classname="com.qa.growpital.tests.InvestPageTest" name="verifyPaymentMessage" time="0.01"/>
  <testcase classname="com.qa.growpital.tests.InvestPageTest" name="verifyConsentLetterPageURL" time="0.193"/>
  <testcase classname="com.qa.growpital.tests.InvestPageTest" name="verifyMandatoryTextInfoBeforeSigningConsentLetter" time="0.046"/>
  <testcase classname="com.qa.growpital.tests.InvestPageTest" name="verifyPlanPurchaseText" time="17.546"/>
  <testcase classname="com.qa.growpital.tests.InvestPageTest" name="verifyCancelPlanPageTitle" time="6.064"/>
  <testcase classname="com.qa.growpital.tests.InvestPageTest" name="verifyStatusOfPlan" time="8.093"/>
</testsuite> <!-- Invest page test on Firefox -->
