<?xml version="1.0" encoding="UTF-8"?>
<!-- Generated by org.testng.reporters.JUnitXMLReporter -->
<testsuite ignored="0" hostname="Neils-MacBook-Pro.local" failures="0" tests="16" name="Invest page test on Edge" time="67.851" errors="0" timestamp="2023-12-30T03:30:28 IST">
  <testcase classname="com.qa.growpital.tests.InvestPageTest" name="verifyDashboardPageTitle" time="13.545"/>
  <testcase classname="com.qa.growpital.tests.InvestPageTest" name="verifyInvestPageURL" time="6.282"/>
  <testcase classname="com.qa.growpital.tests.InvestPageTest" name="verifyInvestPageTitle" time="2.035"/>
  <testcase classname="com.qa.growpital.tests.InvestPageTest" name="verifySelectInvestmentPageURL" time="1.22"/>
  <testcase classname="com.qa.growpital.tests.InvestPageTest" name="verifySubHeading" time="0.054"/>
  <testcase classname="com.qa.growpital.tests.InvestPageTest" name="verifyUnitCalculationCardHead" time="0.018"/>
  <testcase classname="com.qa.growpital.tests.InvestPageTest" name="verifyContinueButtonIsDisabled" time="0.234"/>
  <testcase classname="com.qa.growpital.tests.InvestPageTest" name="verifyContinueButtonIsEnabled" time="1.541"/>
  <testcase classname="com.qa.growpital.tests.InvestPageTest" name="verifyInvestmentPaymentPageURL" time="5.011"/>
  <testcase classname="com.qa.growpital.tests.InvestPageTest" name="verifyIsPaymentPageContinueButton" time="0.045"/>
  <testcase classname="com.qa.growpital.tests.InvestPageTest" name="verifyPaymentMessage" time="0.012"/>
  <testcase classname="com.qa.growpital.tests.InvestPageTest" name="verifyConsentLetterPageURL" time="0.477"/>
  <testcase classname="com.qa.growpital.tests.InvestPageTest" name="verifyMandatoryTextInfoBeforeSigningConsentLetter" time="0.03"/>
  <testcase classname="com.qa.growpital.tests.InvestPageTest" name="verifyPlanPurchaseText" time="15.815"/>
  <testcase classname="com.qa.growpital.tests.InvestPageTest" name="verifyCancelPlanPageTitle" time="3.881"/>
  <testcase classname="com.qa.growpital.tests.InvestPageTest" name="verifyStatusOfPlan" time="8.134"/>
</testsuite> <!-- Invest page test on Edge -->
