<?xml version="1.0" encoding="UTF-8"?>
<!-- Generated by org.testng.reporters.JUnitXMLReporter -->
<testsuite ignored="0" hostname="Neils-MacBook-Pro.local" failures="0" tests="16" name="Invest page test on Chromium" time="73.679" errors="0" timestamp="2023-12-30T03:30:25 IST">
  <testcase classname="com.qa.growpital.tests.InvestPageTest" name="verifyDashboardPageTitle" time="14.558"/>
  <testcase classname="com.qa.growpital.tests.InvestPageTest" name="verifyInvestPageURL" time="5.245"/>
  <testcase classname="com.qa.growpital.tests.InvestPageTest" name="verifyInvestPageTitle" time="2.026"/>
  <testcase classname="com.qa.growpital.tests.InvestPageTest" name="verifySelectInvestmentPageURL" time="1.749"/>
  <testcase classname="com.qa.growpital.tests.InvestPageTest" name="verifySubHeading" time="0.035"/>
  <testcase classname="com.qa.growpital.tests.InvestPageTest" name="verifyUnitCalculationCardHead" time="0.024"/>
  <testcase classname="com.qa.growpital.tests.InvestPageTest" name="verifyContinueButtonIsDisabled" time="0.011"/>
  <testcase classname="com.qa.growpital.tests.InvestPageTest" name="verifyContinueButtonIsEnabled" time="2.09"/>
  <testcase classname="com.qa.growpital.tests.InvestPageTest" name="verifyInvestmentPaymentPageURL" time="5.004"/>
  <testcase classname="com.qa.growpital.tests.InvestPageTest" name="verifyIsPaymentPageContinueButton" time="0.005"/>
  <testcase classname="com.qa.growpital.tests.InvestPageTest" name="verifyPaymentMessage" time="0.007"/>
  <testcase classname="com.qa.growpital.tests.InvestPageTest" name="verifyConsentLetterPageURL" time="0.274"/>
  <testcase classname="com.qa.growpital.tests.InvestPageTest" name="verifyMandatoryTextInfoBeforeSigningConsentLetter" time="0.007"/>
  <testcase classname="com.qa.growpital.tests.InvestPageTest" name="verifyPlanPurchaseText" time="14.685"/>
  <testcase classname="com.qa.growpital.tests.InvestPageTest" name="verifyCancelPlanPageTitle" time="7.879"/>
  <testcase classname="com.qa.growpital.tests.InvestPageTest" name="verifyStatusOfPlan" time="9.836"/>
</testsuite> <!-- Invest page test on Chromium -->
