<?xml version="1.0" encoding="UTF-8"?>
<!-- Generated by org.testng.reporters.JUnitXMLReporter -->
<testsuite ignored="0" hostname="Neils-MacBook-Pro.local" failures="0" tests="16" name="Invest page test on Safari" time="48.494" errors="0" timestamp="2023-12-30T03:30:13 IST">
  <testcase classname="com.qa.growpital.tests.InvestPageTest" name="verifyDashboardPageTitle" time="13.106"/>
  <testcase classname="com.qa.growpital.tests.InvestPageTest" name="verifyInvestPageURL" time="0.179"/>
  <testcase classname="com.qa.growpital.tests.InvestPageTest" name="verifyInvestPageTitle" time="2.288"/>
  <testcase classname="com.qa.growpital.tests.InvestPageTest" name="verifySelectInvestmentPageURL" time="5.245"/>
  <testcase classname="com.qa.growpital.tests.InvestPageTest" name="verifySubHeading" time="0.059"/>
  <testcase classname="com.qa.growpital.tests.InvestPageTest" name="verifyUnitCalculationCardHead" time="0.057"/>
  <testcase classname="com.qa.growpital.tests.InvestPageTest" name="verifyContinueButtonIsDisabled" time="0.007"/>
  <testcase classname="com.qa.growpital.tests.InvestPageTest" name="verifyContinueButtonIsEnabled" time="0.477"/>
  <testcase classname="com.qa.growpital.tests.InvestPageTest" name="verifyInvestmentPaymentPageURL" time="0.005"/>
  <testcase classname="com.qa.growpital.tests.InvestPageTest" name="verifyIsPaymentPageContinueButton" time="0.033"/>
  <testcase classname="com.qa.growpital.tests.InvestPageTest" name="verifyPaymentMessage" time="0.013"/>
  <testcase classname="com.qa.growpital.tests.InvestPageTest" name="verifyConsentLetterPageURL" time="0.171"/>
  <testcase classname="com.qa.growpital.tests.InvestPageTest" name="verifyMandatoryTextInfoBeforeSigningConsentLetter" time="0.009"/>
  <testcase classname="com.qa.growpital.tests.InvestPageTest" name="verifyPlanPurchaseText" time="12.839"/>
  <testcase classname="com.qa.growpital.tests.InvestPageTest" name="verifyCancelPlanPageTitle" time="3.313"/>
  <testcase classname="com.qa.growpital.tests.InvestPageTest" name="verifyStatusOfPlan" time="5.056"/>
</testsuite> <!-- Invest page test on Safari -->
