<?xml version="1.0" encoding="UTF-8"?>
<!-- Generated by org.testng.reporters.JUnitXMLReporter -->
<testsuite ignored="0" hostname="Neils-MacBook-Pro.local" failures="0" tests="16" name="Invest page test on Headless" time="41.476" errors="0" timestamp="2023-12-30T03:30:55 IST">
  <testcase classname="com.qa.growpital.tests.InvestPageTest" name="verifyDashboardPageTitle" time="13.035"/>
  <testcase classname="com.qa.growpital.tests.InvestPageTest" name="verifyInvestPageURL" time="0.129"/>
  <testcase classname="com.qa.growpital.tests.InvestPageTest" name="verifyInvestPageTitle" time="2.005"/>
  <testcase classname="com.qa.growpital.tests.InvestPageTest" name="verifySelectInvestmentPageURL" time="0.65"/>
  <testcase classname="com.qa.growpital.tests.InvestPageTest" name="verifySubHeading" time="5.009"/>
  <testcase classname="com.qa.growpital.tests.InvestPageTest" name="verifyUnitCalculationCardHead" time="0.023"/>
  <testcase classname="com.qa.growpital.tests.InvestPageTest" name="verifyContinueButtonIsDisabled" time="0.014"/>
  <testcase classname="com.qa.growpital.tests.InvestPageTest" name="verifyContinueButtonIsEnabled" time="0.626"/>
  <testcase classname="com.qa.growpital.tests.InvestPageTest" name="verifyInvestmentPaymentPageURL" time="0.004"/>
  <testcase classname="com.qa.growpital.tests.InvestPageTest" name="verifyIsPaymentPageContinueButton" time="0.011"/>
  <testcase classname="com.qa.growpital.tests.InvestPageTest" name="verifyPaymentMessage" time="0.009"/>
  <testcase classname="com.qa.growpital.tests.InvestPageTest" name="verifyConsentLetterPageURL" time="0.125"/>
  <testcase classname="com.qa.growpital.tests.InvestPageTest" name="verifyMandatoryTextInfoBeforeSigningConsentLetter" time="0.014"/>
  <testcase classname="com.qa.growpital.tests.InvestPageTest" name="verifyPlanPurchaseText" time="8.272"/>
  <testcase classname="com.qa.growpital.tests.InvestPageTest" name="verifyCancelPlanPageTitle" time="5.175"/>
  <testcase classname="com.qa.growpital.tests.InvestPageTest" name="verifyStatusOfPlan" time="2.921"/>
</testsuite> <!-- Invest page test on Headless -->
