<?xml version="1.0" encoding="UTF-8"?>
<!-- Generated by org.testng.reporters.JUnitXMLReporter -->
<testsuite ignored="0" hostname="Neils-MacBook-Pro.local" failures="0" tests="7" name="Login page test on Firefox" time="60.813" errors="0" timestamp="2023-12-30T03:28:55 IST">
  <testcase classname="com.qa.growpital.tests.LoginPageTest" name="verifyLoginPageTitle" time="0.764"/>
  <testcase classname="com.qa.growpital.tests.LoginPageTest" name="verifyForgotPasswordLinkExist" time="6.79"/>
  <testcase classname="com.qa.growpital.tests.LoginPageTest" name="verifySignUpLinkExist" time="5.019"/>
  <testcase classname="com.qa.growpital.tests.LoginPageTest" name="loginToGrowpital" time="6.588"/>
  <testcase classname="com.qa.growpital.tests.LoginPageTest" name="verifyDashboardPageURL" time="10.015"/>
  <testcase classname="com.qa.growpital.tests.LoginPageTest" name="verifySingOutText" time="5.333"/>
  <testcase classname="com.qa.growpital.tests.LoginPageTest" name="verifySingOutFromApp" time="5.338"/>
</testsuite> <!-- Login page test on Firefox -->
