<?xml version="1.0" encoding="UTF-8"?>
<!-- Generated by org.testng.reporters.JUnitXMLReporter -->
<testsuite ignored="0" hostname="Neils-MacBook-Pro.local" failures="0" tests="7" name="Login page test on Safari" time="45.248" errors="0" timestamp="2023-12-28T18:31:57 IST">
  <testcase classname="com.qa.growpital.tests.LoginPageTest" name="verifyLoginPageTitle" time="5.016"/>
  <testcase classname="com.qa.growpital.tests.LoginPageTest" name="verifyForgotPasswordLinkExist" time="0.439"/>
  <testcase classname="com.qa.growpital.tests.LoginPageTest" name="verifySignUpLinkExist" time="0.206"/>
  <testcase classname="com.qa.growpital.tests.LoginPageTest" name="loginToGrowpital" time="6.772"/>
  <testcase classname="com.qa.growpital.tests.LoginPageTest" name="verifyDashboardPageURL" time="10.024"/>
  <testcase classname="com.qa.growpital.tests.LoginPageTest" name="verifySingOutText" time="5.09"/>
  <testcase classname="com.qa.growpital.tests.LoginPageTest" name="verifySingOutFromApp" time="5.119"/>
</testsuite> <!-- Login page test on Safari -->
