<?xml version="1.0" encoding="UTF-8"?>
<!-- Generated by org.testng.reporters.JUnitXMLReporter -->
<testsuite ignored="0" hostname="Neils-MacBook-Pro.local" failures="0" tests="7" name="Login page test on Chromium" time="48.453" errors="0" timestamp="2023-12-28T18:32:00 IST">
  <testcase classname="com.qa.growpital.tests.LoginPageTest" name="verifyLoginPageTitle" time="9.497"/>
  <testcase classname="com.qa.growpital.tests.LoginPageTest" name="verifyForgotPasswordLinkExist" time="1.161"/>
  <testcase classname="com.qa.growpital.tests.LoginPageTest" name="verifySignUpLinkExist" time="0.091"/>
  <testcase classname="com.qa.growpital.tests.LoginPageTest" name="loginToGrowpital" time="6.939"/>
  <testcase classname="com.qa.growpital.tests.LoginPageTest" name="verifyDashboardPageURL" time="10.017"/>
  <testcase classname="com.qa.growpital.tests.LoginPageTest" name="verifySingOutText" time="10.353"/>
  <testcase classname="com.qa.growpital.tests.LoginPageTest" name="verifySingOutFromApp" time="0.224"/>
</testsuite> <!-- Login page test on Chromium -->
