<?xml version="1.0" encoding="UTF-8"?>
<!-- Generated by org.testng.reporters.JUnitXMLReporter -->
<testsuite ignored="0" hostname="Neils-MacBook-Pro.local" failures="0" tests="7" name="Login page test on Firefox" time="53.632" errors="0" timestamp="2023-12-28T18:32:10 IST">
  <testcase classname="com.qa.growpital.tests.LoginPageTest" name="verifyLoginPageTitle" time="0.922"/>
  <testcase classname="com.qa.growpital.tests.LoginPageTest" name="verifyForgotPasswordLinkExist" time="5.049"/>
  <testcase classname="com.qa.growpital.tests.LoginPageTest" name="verifySignUpLinkExist" time="5.037"/>
  <testcase classname="com.qa.growpital.tests.LoginPageTest" name="loginToGrowpital" time="5.909"/>
  <testcase classname="com.qa.growpital.tests.LoginPageTest" name="verifyDashboardPageURL" time="5.006"/>
  <testcase classname="com.qa.growpital.tests.LoginPageTest" name="verifySingOutText" time="10.388"/>
  <testcase classname="com.qa.growpital.tests.LoginPageTest" name="verifySingOutFromApp" time="0.728"/>
</testsuite> <!-- Login page test on Firefox -->
