<?xml version="1.0" encoding="UTF-8"?>
<!-- Generated by org.testng.reporters.JUnitXMLReporter -->
<testsuite ignored="0" hostname="Neils-MacBook-Pro.local" failures="0" tests="7" name="Login page test on Chromium" time="57.982" errors="0" timestamp="2023-12-28T20:26:29 IST">
  <testcase classname="com.qa.growpital.tests.LoginPageTest" name="verifyLoginPageTitle" time="8.668"/>
  <testcase classname="com.qa.growpital.tests.LoginPageTest" name="verifyForgotPasswordLinkExist" time="1.852"/>
  <testcase classname="com.qa.growpital.tests.LoginPageTest" name="verifySignUpLinkExist" time="6.507"/>
  <testcase classname="com.qa.growpital.tests.LoginPageTest" name="loginToGrowpital" time="6.048"/>
  <testcase classname="com.qa.growpital.tests.LoginPageTest" name="verifyDashboardPageURL" time="5.043"/>
  <testcase classname="com.qa.growpital.tests.LoginPageTest" name="verifySingOutText" time="10.52"/>
  <testcase classname="com.qa.growpital.tests.LoginPageTest" name="verifySingOutFromApp" time="5.149"/>
</testsuite> <!-- Login page test on Chromium -->
