<?xml version="1.0" encoding="UTF-8"?>
<!-- Generated by org.testng.reporters.JUnitXMLReporter -->
<testsuite ignored="0" hostname="Neils-MacBook-Pro.local" failures="0" tests="2" name="Sign Up page test on Edge" time="19.288" errors="0" timestamp="2023-12-30T03:29:19 IST">
  <testcase classname="com.qa.growpital.tests.SignUpPageTest" name="verifyLoginPageTitle" time="5.026"/>
  <testcase classname="com.qa.growpital.tests.SignUpPageTest" name="verifySignUpPageURL" time="2.037"/>
</testsuite> <!-- Sign Up page test on Edge -->
