<?xml version="1.0" encoding="UTF-8"?>
<!-- Generated by org.testng.reporters.JUnitXMLReporter -->
<testsuite ignored="0" hostname="Neils-MacBook-Pro.local" failures="0" tests="2" name="Sign Up page test on Chrome" time="25.848" errors="0" timestamp="2023-12-28T20:27:05 IST">
  <testcase classname="com.qa.growpital.tests.SignUpPageTest" name="verifyLoginPageTitle" time="0.035"/>
  <testcase classname="com.qa.growpital.tests.SignUpPageTest" name="verifySignUpPageURL" time="13.359"/>
</testsuite> <!-- Sign Up page test on Chrome -->
